<?xml version="1.0" encoding="UTF-8"?>
<!-- Generated by org.testng.reporters.JUnitReportReporter -->
<testsuite hostname="NAG1-LHP-N76379" failures="0" tests="1" name="api.test.UserTests" time="3.074" errors="0" timestamp="2023-08-13T02:33:08 IST" skipped="0">
  <testcase classname="api.test.UserTests" name="testGetUserByName" time="3.074"/>
</testsuite> <!-- api.test.UserTests -->
